# JRE version: OpenJDK Runtime Environment Temurin-17.0.10+7 (17.0.10+7) (build 17.0.10+7)
# Java VM: OpenJDK 64-Bit Server VM Temurin-17.0.10+7 (17.0.10+7, mixed mode, tiered, compressed oops, compressed class ptrs, g1 gc, windows-amd64)
GC Precious Log:
 CPUs: 4 total, 4 available
 Memory: 16280M
 Large Page Support: Disabled
 NUMA Support: Disabled
 Compressed Oops: Enabled (Zero based)
 Heap Region Size: 2M
 Heap Min Capacity: 8M
 Heap Initial Capacity: 256M
 Heap Max Capacity: 4072M
 Pre-touch: Disabled
 Parallel Workers: 4
 Concurrent Workers: 1
 Concurrent Refinement Workers: 4
 Periodic GC: Disabled
Heap:
 garbage-first heap   total 51200K, used 26376K [0x0000000701800000, 0x0000000800000000)
  region size 2048K, 2 young (4096K), 1 survivors (2048K)
 Metaspace       used 64716K, committed 65408K, reserved 1114112K
  class space    used 7669K, committed 8000K, reserved 1048576K
GC Heap History (20 events):
Event: 2092.138 GC heap before
{Heap before GC invocations=66 (full 4):
 garbage-first heap   total 51200K, used 36576K [0x0000000701800000, 0x0000000800000000)
  region size 2048K, 6 young (12288K), 1 survivors (2048K)
 Metaspace       used 64667K, committed 65344K, reserved 1114112K
  class space    used 7668K, committed 8000K, reserved 1048576K
}
Event: 2092.141 GC heap after
{Heap after GC invocations=67 (full 4):
 garbage-first heap   total 51200K, used 26340K [0x0000000701800000, 0x0000000800000000)
  region size 2048K, 1 young (2048K), 1 survivors (2048K)
 Metaspace       used 64667K, committed 65344K, reserved 1114112K
  class space    used 7668K, committed 8000K, reserved 1048576K
}
Event: 2224.021 GC heap before
{Heap before GC invocations=67 (full 4):
 garbage-first heap   total 51200K, used 36580K [0x0000000701800000, 0x0000000800000000)
  region size 2048K, 6 young (12288K), 1 survivors (2048K)
 Metaspace       used 64668K, committed 65344K, reserved 1114112K
  class space    used 7668K, committed 8000K, reserved 1048576K
}
Event: 2224.023 GC heap after
{Heap after GC invocations=68 (full 4):
 garbage-first heap   total 51200K, used 26341K [0x0000000701800000, 0x0000000800000000)
  region size 2048K, 1 young (2048K), 1 survivors (2048K)
 Metaspace       used 64668K, committed 65344K, reserved 1114112K
  class space    used 7668K, committed 8000K, reserved 1048576K
}
Event: 2369.046 GC heap before
{Heap before GC invocations=68 (full 4):
 garbage-first heap   total 51200K, used 36581K [0x0000000701800000, 0x0000000800000000)
  region size 2048K, 6 young (12288K), 1 survivors (2048K)
 Metaspace       used 64679K, committed 65344K, reserved 1114112K
  class space    used 7668K, committed 8000K, reserved 1048576K
}
Event: 2369.048 GC heap after
{Heap after GC invocations=69 (full 4):
 garbage-first heap   total 51200K, used 26341K [0x0000000701800000, 0x0000000800000000)
  region size 2048K, 1 young (2048K), 1 survivors (2048K)
 Metaspace       used 64679K, committed 65344K, reserved 1114112K
  class space    used 7668K, committed 8000K, reserved 1048576K
}
Event: 2512.142 GC heap before
{Heap before GC invocations=69 (full 4):
 garbage-first heap   total 51200K, used 36581K [0x0000000701800000, 0x0000000800000000)
  region size 2048K, 6 young (12288K), 1 survivors (2048K)
 Metaspace       used 64686K, committed 65344K, reserved 1114112K
  class space    used 7668K, committed 8000K, reserved 1048576K
}
Event: 2512.145 GC heap after
{Heap after GC invocations=70 (full 4):
 garbage-first heap   total 51200K, used 26344K [0x0000000701800000, 0x0000000800000000)
  region size 2048K, 1 young (2048K), 1 survivors (2048K)
 Metaspace       used 64686K, committed 65344K, reserved 1114112K
  class space    used 7668K, committed 8000K, reserved 1048576K
}
Event: 2655.451 GC heap before
{Heap before GC invocations=70 (full 4):
 garbage-first heap   total 51200K, used 36584K [0x0000000701800000, 0x0000000800000000)
  region size 2048K, 6 young (12288K), 1 survivors (2048K)
 Metaspace       used 64710K, committed 65408K, reserved 1114112K
  class space    used 7668K, committed 8000K, reserved 1048576K
}
Event: 2655.454 GC heap after
{Heap after GC invocations=71 (full 4):
 garbage-first heap   total 51200K, used 26401K [0x0000000701800000, 0x0000000800000000)
  region size 2048K, 1 young (2048K), 1 survivors (2048K)
 Metaspace       used 64710K, committed 65408K, reserved 1114112K
  class space    used 7668K, committed 8000K, reserved 1048576K
}
Event: 2801.143 GC heap before
{Heap before GC invocations=71 (full 4):
 garbage-first heap   total 51200K, used 36641K [0x0000000701800000, 0x0000000800000000)
  region size 2048K, 6 young (12288K), 1 survivors (2048K)
 Metaspace       used 64710K, committed 65408K, reserved 1114112K
  class space    used 7668K, committed 8000K, reserved 1048576K
}
Event: 2801.144 GC heap after
{Heap after GC invocations=72 (full 4):
 garbage-first heap   total 51200K, used 26348K [0x0000000701800000, 0x0000000800000000)
  region size 2048K, 1 young (2048K), 1 survivors (2048K)
 Metaspace       used 64710K, committed 65408K, reserved 1114112K
  class space    used 7668K, committed 8000K, reserved 1048576K
}
Event: 2944.836 GC heap before
{Heap before GC invocations=72 (full 4):
 garbage-first heap   total 51200K, used 36588K [0x0000000701800000, 0x0000000800000000)
  region size 2048K, 6 young (12288K), 1 survivors (2048K)
 Metaspace       used 64710K, committed 65408K, reserved 1114112K
  class space    used 7668K, committed 8000K, reserved 1048576K
}
Event: 2944.837 GC heap after
{Heap after GC invocations=73 (full 4):
 garbage-first heap   total 51200K, used 26363K [0x0000000701800000, 0x0000000800000000)
  region size 2048K, 1 young (2048K), 1 survivors (2048K)
 Metaspace       used 64710K, committed 65408K, reserved 1114112K
  class space    used 7668K, committed 8000K, reserved 1048576K
}
Event: 3071.643 GC heap before
{Heap before GC invocations=73 (full 4):
 garbage-first heap   total 51200K, used 36603K [0x0000000701800000, 0x0000000800000000)
  region size 2048K, 6 young (12288K), 1 survivors (2048K)
 Metaspace       used 64710K, committed 65408K, reserved 1114112K
  class space    used 7668K, committed 8000K, reserved 1048576K
}
Event: 3071.644 GC heap after
{Heap after GC invocations=74 (full 4):
 garbage-first heap   total 51200K, used 26367K [0x0000000701800000, 0x0000000800000000)
  region size 2048K, 1 young (2048K), 1 survivors (2048K)
 Metaspace       used 64710K, committed 65408K, reserved 1114112K
  class space    used 7668K, committed 8000K, reserved 1048576K
}
Event: 3207.437 GC heap before
{Heap before GC invocations=74 (full 4):
 garbage-first heap   total 51200K, used 36607K [0x0000000701800000, 0x0000000800000000)
  region size 2048K, 6 young (12288K), 1 survivors (2048K)
 Metaspace       used 64710K, committed 65408K, reserved 1114112K
  class space    used 7668K, committed 8000K, reserved 1048576K
}
Event: 3207.439 GC heap after
{Heap after GC invocations=75 (full 4):
 garbage-first heap   total 51200K, used 26366K [0x0000000701800000, 0x0000000800000000)
  region size 2048K, 1 young (2048K), 1 survivors (2048K)
 Metaspace       used 64710K, committed 65408K, reserved 1114112K
  class space    used 7668K, committed 8000K, reserved 1048576K
}
Event: 3354.878 GC heap before
{Heap before GC invocations=75 (full 4):
 garbage-first heap   total 51200K, used 36606K [0x0000000701800000, 0x0000000800000000)
  region size 2048K, 6 young (12288K), 1 survivors (2048K)
 Metaspace       used 64716K, committed 65408K, reserved 1114112K
  class space    used 7669K, committed 8000K, reserved 1048576K
}
Event: 3354.879 GC heap after
{Heap after GC invocations=76 (full 4):
 garbage-first heap   total 51200K, used 26376K [0x0000000701800000, 0x0000000800000000)
  region size 2048K, 1 young (2048K), 1 survivors (2048K)
 Metaspace       used 64716K, committed 65408K, reserved 1114112K
  class space    used 7669K, committed 8000K, reserved 1048576K
}

